<?xml version="1.0" encoding="UTF-8"?>
<coverage generated="1389628387">
  <project timestamp="1389628387">
    <package name="OpenCloud\Zf2\Factory">
      <file name="/Users/jami6682/Projects/php/php-opencloud-zf2/lib/OpenCloud/Zf2/Factory/AbstractProviderFactory.php">
        <class name="AbstractProviderFactory" namespace="OpenCloud\Zf2\Factory">
          <metrics methods="4" coveredmethods="0" conditionals="0" coveredconditionals="0" statements="5" coveredstatements="0" elements="9" coveredelements="0"/>
        </class>
        <line num="9" type="method" name="newInstance" crap="2" count="0"/>
        <line num="11" type="stmt" count="0"/>
        <line num="14" type="method" name="setConfig" crap="2" count="0"/>
        <line num="16" type="stmt" count="0"/>
        <line num="17" type="stmt" count="0"/>
        <line num="19" type="method" name="getConfig" crap="2" count="0"/>
        <line num="21" type="stmt" count="0"/>
        <line num="24" type="method" name="getClientClass" crap="2" count="0"/>
        <line num="26" type="stmt" count="0"/>
        <metrics loc="27" ncloc="27" classes="1" methods="4" coveredmethods="0" conditionals="0" coveredconditionals="0" statements="5" coveredstatements="0" elements="9" coveredelements="0"/>
      </file>
      <file name="/Users/jami6682/Projects/php/php-opencloud-zf2/lib/OpenCloud/Zf2/Factory/OpenStackFactory.php">
        <class name="OpenStackFactory" namespace="OpenCloud\Zf2\Factory">
          <metrics methods="1" coveredmethods="0" conditionals="0" coveredconditionals="0" statements="16" coveredstatements="0" elements="17" coveredelements="0"/>
        </class>
        <line num="9" type="method" name="validateConfig" crap="30" count="0"/>
        <line num="11" type="stmt" count="0"/>
        <line num="12" type="stmt" count="0"/>
        <line num="13" type="stmt" count="0"/>
        <line num="14" type="stmt" count="0"/>
        <line num="16" type="stmt" count="0"/>
        <line num="19" type="stmt" count="0"/>
        <line num="20" type="stmt" count="0"/>
        <line num="21" type="stmt" count="0"/>
        <line num="22" type="stmt" count="0"/>
        <line num="24" type="stmt" count="0"/>
        <line num="27" type="stmt" count="0"/>
        <line num="28" type="stmt" count="0"/>
        <line num="29" type="stmt" count="0"/>
        <line num="30" type="stmt" count="0"/>
        <line num="32" type="stmt" count="0"/>
        <line num="34" type="stmt" count="0"/>
        <metrics loc="35" ncloc="35" classes="1" methods="1" coveredmethods="0" conditionals="0" coveredconditionals="0" statements="16" coveredstatements="0" elements="17" coveredelements="0"/>
      </file>
      <file name="/Users/jami6682/Projects/php/php-opencloud-zf2/lib/OpenCloud/Zf2/Factory/ProviderBuilder.php">
        <class name="ProviderBuilder" namespace="OpenCloud\Zf2\Factory">
          <metrics methods="5" coveredmethods="3" conditionals="0" coveredconditionals="0" statements="25" coveredstatements="5" elements="30" coveredelements="8"/>
        </class>
        <line num="0" type="stmt" count="1"/>
        <line num="13" type="method" name="setProvider" crap="1" count="1"/>
        <line num="15" type="stmt" count="1"/>
        <line num="16" type="stmt" count="1"/>
        <line num="18" type="method" name="setServiceLocator" crap="1" count="1"/>
        <line num="20" type="stmt" count="1"/>
        <line num="21" type="stmt" count="1"/>
        <line num="23" type="method" name="build" crap="9.93" count="1"/>
        <line num="25" type="stmt" count="1"/>
        <line num="27" type="stmt" count="0"/>
        <line num="28" type="stmt" count="0"/>
        <line num="29" type="stmt" count="0"/>
        <line num="30" type="stmt" count="0"/>
        <line num="31" type="stmt" count="0"/>
        <line num="32" type="stmt" count="0"/>
        <line num="33" type="stmt" count="0"/>
        <line num="34" type="stmt" count="0"/>
        <line num="35" type="stmt" count="0"/>
        <line num="37" type="stmt" count="0"/>
        <line num="39" type="stmt" count="0"/>
        <line num="42" type="method" name="buildFactory" crap="2" count="0"/>
        <line num="44" type="stmt" count="0"/>
        <line num="45" type="stmt" count="0"/>
        <line num="46" type="stmt" count="0"/>
        <line num="48" type="stmt" count="0"/>
        <line num="51" type="method" name="buildClient" crap="6" count="0"/>
        <line num="53" type="stmt" count="0"/>
        <line num="55" type="stmt" count="0"/>
        <line num="56" type="stmt" count="0"/>
        <line num="58" type="stmt" count="0"/>
        <line num="61" type="stmt" count="0"/>
        <line num="518" type="stmt" count="1"/>
        <metrics loc="62" ncloc="62" classes="1" methods="5" coveredmethods="2" conditionals="0" coveredconditionals="0" statements="25" coveredstatements="5" elements="30" coveredelements="7"/>
      </file>
      <file name="/Users/jami6682/Projects/php/php-opencloud-zf2/lib/OpenCloud/Zf2/Factory/RackspaceFactory.php">
        <class name="RackspaceFactory" namespace="OpenCloud\Zf2\Factory">
          <metrics methods="1" coveredmethods="0" conditionals="0" coveredconditionals="0" statements="11" coveredstatements="0" elements="12" coveredelements="0"/>
        </class>
        <line num="11" type="method" name="validateConfig" crap="12" count="0"/>
        <line num="13" type="stmt" count="0"/>
        <line num="14" type="stmt" count="0"/>
        <line num="15" type="stmt" count="0"/>
        <line num="16" type="stmt" count="0"/>
        <line num="18" type="stmt" count="0"/>
        <line num="21" type="stmt" count="0"/>
        <line num="22" type="stmt" count="0"/>
        <line num="23" type="stmt" count="0"/>
        <line num="24" type="stmt" count="0"/>
        <line num="26" type="stmt" count="0"/>
        <line num="28" type="stmt" count="0"/>
        <metrics loc="29" ncloc="29" classes="1" methods="1" coveredmethods="0" conditionals="0" coveredconditionals="0" statements="11" coveredstatements="0" elements="12" coveredelements="0"/>
      </file>
    </package>
    <file name="/Users/jami6682/Projects/php/php-opencloud-zf2/lib/OpenCloud/Zf2/Factory/ProviderFactoryInterface.php">
      <metrics loc="15" ncloc="15" classes="0" methods="0" coveredmethods="0" conditionals="0" coveredconditionals="0" statements="0" coveredstatements="0" elements="0" coveredelements="0"/>
    </file>
    <metrics files="5" loc="168" ncloc="168" classes="4" methods="11" coveredmethods="2" conditionals="0" coveredconditionals="0" statements="57" coveredstatements="5" elements="68" coveredelements="7"/>
  </project>
</coverage>
